<?xml version="1.0" encoding="UTF-8"?>
<!-- Generated by org.testng.reporters.JUnitReportReporter -->
<testsuite hostname="DESKTOP-V7AFDP1" failures="0" tests="1" name="maveusingalllocators.allLocatorsUsingEditbox" time="4.931" errors="0" timestamp="2022-01-04T20:27:36 IST" skipped="0">
  <testcase classname="maveusingalllocators.allLocatorsUsingEditbox" name="EditMethod" time="4.931"/>
  <system-out/>
</testsuite> <!-- maveusingalllocators.allLocatorsUsingEditbox -->
