<?xml version="1.0" encoding="UTF-8"?>
<!-- Generated by org.testng.reporters.JUnitReportReporter -->
<testsuite hostname="DESKTOP-V7AFDP1" failures="0" tests="1" name="maveusingalllocators.Handlingimage" time="2.911" errors="0" timestamp="2022-01-05T10:14:49 IST" skipped="0">
  <testcase classname="maveusingalllocators.Handlingimage" name="image" time="2.911"/>
  <system-out/>
</testsuite> <!-- maveusingalllocators.Handlingimage -->
