<?xml version="1.0" encoding="UTF-8"?>
<!-- Generated by org.testng.reporters.JUnitReportReporter -->
<testsuite hostname="DESKTOP-V7AFDP1" failures="0" tests="1" name="maveusingalllocators.handlingiorderlist" time="18.768" errors="0" timestamp="2022-01-10T15:14:58 IST" skipped="0">
  <testcase classname="maveusingalllocators.handlingiorderlist" name="selectble" time="18.768"/>
  <system-out/>
</testsuite> <!-- maveusingalllocators.handlingiorderlist -->
