<?xml version="1.0" encoding="UTF-8"?>
<!-- Generated by org.testng.reporters.JUnitReportReporter -->
<testsuite hostname="DESKTOP-V7AFDP1" failures="0" tests="1" name="maveusingalllocators.frames2" time="15.982" errors="0" timestamp="2022-01-07T12:38:46 IST" skipped="0">
  <testcase classname="maveusingalllocators.frames2" name="m1" time="15.982"/>
  <system-out/>
</testsuite> <!-- maveusingalllocators.frames2 -->
